2026/04/29 17:39:27 Starting cygwin install, version 2.937
2026/04/29 17:39:27 User has backup/restore rights
2026/04/29 17:39:27 User has symlink creation right
2026/04/29 17:39:27 io_stream_cygfile: fopen(/etc/setup/setup.rc) failed 2 No such file or directory
2026/04/29 17:39:27 Current Directory: C:\Users\DUROV\Documents\New project 6\cygwin-pkg-cache
2026/04/29 17:39:27 mbox yesno: You should not choose a root path that include spaces in directory names.  Proceed anyway?
2026/04/29 17:39:27 unattended_mode is set at mbox: returning default value
2026/04/29 17:39:27 root: C:\Users\DUROV\Documents\New project 6\cygwin64-routerfmt system
2026/04/29 17:39:27 Changing gid to Administrators
2026/04/29 17:39:27 Selected local directory: C:\Users\DUROV\Documents\New project 6\cygwin-pkg-cache
2026/04/29 17:39:27 net: Preconfig
2026/04/29 17:39:29 site: https://mirrors.kernel.org/sourceware/cygwin/
2026/04/29 17:39:53 io_stream_cygfile: fopen(/etc/setup/timestamp) failed 2 No such file or directory
2026/04/29 17:39:53 io_stream_cygfile: fopen(/etc/setup/installed.db) failed 2 No such file or directory
2026/04/29 17:39:53 solving: 41 tasks, update: no, use test packages: no
2026/04/29 17:39:54 solving: 84 tasks, update: no, use test packages: no
2026/04/29 17:39:54 Augmented Transaction List:
2026/04/29 17:39:54    0 install gettext-locale-alias 0.26-1               
2026/04/29 17:39:54    1 install libpopt-common       1.19-1               
2026/04/29 17:39:54    2 install libsqlite3_0         3.49.1-1             
2026/04/29 17:39:54    3 install terminfo             6.5+20240427-1       
2026/04/29 17:39:54    4 install tzdata               2026b-1              
2026/04/29 17:39:54    5 install cygwin               3.6.9-1              
2026/04/29 17:39:54    6 install libiconv2            1.19-2               
2026/04/29 17:39:54    7 install libintl8             0.22.5-1             
2026/04/29 17:39:54    8 install libncursesw10        6.5+20240427-1       
2026/04/29 17:39:54    9 install libreadline7         8.2-2                
2026/04/29 17:39:54   10 install bash                 5.2.21-1             
2026/04/29 17:39:54   11 install libgcc1              13.4.0-1             
2026/04/29 17:39:54   12 install crypto-policies      20190218-1           
2026/04/29 17:39:54   13 install base-cygwin          3.8-2                
2026/04/29 17:39:54   14 install libzstd1             1.5.7-1              
2026/04/29 17:39:54   15 install zlib0                1.3.2-1              
2026/04/29 17:39:54   16 install which                2.23-1               
2026/04/29 17:39:54   17 install vim-minimal          9.1.1825-1           
2026/04/29 17:39:54   18 install tzcode               2026b-1              
2026/04/29 17:39:54   19 install run                  1.3.4-2              
2026/04/29 17:39:54   20 install ncurses              6.5+20240427-1       
2026/04/29 17:39:54   21 install login                1.13-1               
2026/04/29 17:39:54   22 install libuuid1             2.40.2-2             
2026/04/29 17:39:54   23 install libtasn1_6           4.21.0-1             
2026/04/29 17:39:54   24 install libstdc++6           13.4.0-1             
2026/04/29 17:39:54   25 install libsmartcols1        2.40.2-2             
2026/04/29 17:39:54   26 install libreadline8         8.3-1                
2026/04/29 17:39:54   27 install libpopt0             1.19-1               
2026/04/29 17:39:54   28 install libpipeline1         1.5.8-1              
2026/04/29 17:39:54   29 install libpcre2_8_0         10.47-1              
2026/04/29 17:39:54   30 install libpcre1             8.45-1               
2026/04/29 17:39:54   31 install liblzma5             5.8.3-1              
2026/04/29 17:39:54   32 install liblz4_1             1.9.4-1              
2026/04/29 17:39:54   33 install liblastlog2          2.40.2-2             
2026/04/29 17:39:54   34 install libgmp10             6.3.0-1              
2026/04/29 17:39:54   35 install libgdbm6             1.26-1               
2026/04/29 17:39:54   36 install libffi6              3.2.1-2              
2026/04/29 17:39:54   37 install libe2p2              1.44.5-1             
2026/04/29 17:39:54   38 install libcom_err2          1.44.5-1             
2026/04/29 17:39:54   39 install libbz2_1             1.0.8-2              
2026/04/29 17:39:54   40 install libblkid1            2.40.2-2             
2026/04/29 17:39:54   41 install libattr1             2.5.2-2              
2026/04/29 17:39:54   42 install libargp              20250917-2           
2026/04/29 17:39:54   43 install ipc-utils            1.1-1                
2026/04/29 17:39:54   44 install hostname             3.13-1               
2026/04/29 17:39:54   45 install gzip                 1.14-1               
2026/04/29 17:39:54   46 install editrights           1.04-1               
2026/04/29 17:39:54   47 install diffutils            3.12-1               
2026/04/29 17:39:54   48 install dash                 0.5.12-5             
2026/04/29 17:39:54   49 install alternatives         1.31-1               
2026/04/29 17:39:54   50 install libuchardet0         0.0.8-1              
2026/04/29 17:39:54   51 install cygutils             1.4.17-4             
2026/04/29 17:39:54   52 install grep                 3.12-1               
2026/04/29 17:39:54   53 install less                 691-1                
2026/04/29 17:39:54   54 install xz                   5.8.3-1              
2026/04/29 17:39:54   55 install zstd                 1.5.7-1              
2026/04/29 17:39:54   56 install libmpfr6             4.2.2-1              
2026/04/29 17:39:54   57 install libp11-kit0          0.23.20-1            
2026/04/29 17:39:54   58 install libss2               1.44.5-1             
2026/04/29 17:39:54   59 install libext2fs2           1.44.5-1             
2026/04/29 17:39:54   60 install file                 5.46-1               
2026/04/29 17:39:54   61 install bzip2                1.0.8-2              
2026/04/29 17:39:54   62 install libfdisk1            2.40.2-2             
2026/04/29 17:39:54   63 install sed                  4.10-1               
2026/04/29 17:39:54   64 install coreutils            9.0-1                
2026/04/29 17:39:54   65 install getent               2.18.90-5            
2026/04/29 17:39:54   66 install rebase               4.6.6-1              
2026/04/29 17:39:54   67 install mintty               3.8.2-1              
2026/04/29 17:39:54   68 install info                 7.1-2                
2026/04/29 17:39:54   69 install _autorebase          001091-1             
2026/04/29 17:39:54   70 install groff                1.24.1-1             
2026/04/29 17:39:54   71 install gawk                 5.4.0-1              
2026/04/29 17:39:54   72 install p11-kit-trust        0.23.20-1            
2026/04/29 17:39:54   73 install p11-kit              0.23.20-1            
2026/04/29 17:39:54   74 install e2fsprogs            1.44.5-1             
2026/04/29 17:39:54   75 install tar                  1.35-2               
2026/04/29 17:39:54   76 install util-linux           2.40.2-2             
2026/04/29 17:39:54   77 install findutils            4.10.0-1             
2026/04/29 17:39:54   78 install ca-certificates      2025.2.80_v9.0.304-1 
2026/04/29 17:39:54   79 install man-db               2.13.1-1             
2026/04/29 17:39:54   80 install base-files           4.3-3                
2026/04/29 17:39:54   81 install libssl3              3.5.6-1              
2026/04/29 17:39:54   82 install libssl1.1            1.1.1w-1             
2026/04/29 17:39:54   83 install openssl              3.5.6-1              
2026/04/29 17:39:54 Downloaded C:\Users\DUROV\Documents\New project 6\cygwin-pkg-cache/https%3a%2f%2fmirrors.kernel.org%2fsourceware%2fcygwin%2f/x86_64/release/gettext/gettext-locale-alias/gettext-locale-alias-0.26-1-x86_64.tar.xz
2026/04/29 17:39:55 Downloaded C:\Users\DUROV\Documents\New project 6\cygwin-pkg-cache/https%3a%2f%2fmirrors.kernel.org%2fsourceware%2fcygwin%2f/x86_64/release/popt/libpopt-common/libpopt-common-1.19-1.tar.xz
2026/04/29 17:39:56 Downloaded C:\Users\DUROV\Documents\New project 6\cygwin-pkg-cache/https%3a%2f%2fmirrors.kernel.org%2fsourceware%2fcygwin%2f/x86_64/release/sqlite3/libsqlite3_0/libsqlite3_0-3.49.1-1.tar.xz
2026/04/29 17:39:56 Downloaded C:\Users\DUROV\Documents\New project 6\cygwin-pkg-cache/https%3a%2f%2fmirrors.kernel.org%2fsourceware%2fcygwin%2f/x86_64/release/ncurses/terminfo/terminfo-6.5+20240427-1.tar.xz
2026/04/29 17:39:56 Downloaded C:\Users\DUROV\Documents\New project 6\cygwin-pkg-cache/https%3a%2f%2fmirrors.kernel.org%2fsourceware%2fcygwin%2f/noarch/release/tzdata/tzdata-2026b-1-noarch.tar.xz
2026/04/29 17:39:59 Downloaded C:\Users\DUROV\Documents\New project 6\cygwin-pkg-cache/https%3a%2f%2fmirrors.kernel.org%2fsourceware%2fcygwin%2f/x86_64/release/cygwin/cygwin-3.6.9-1-x86_64.tar.xz
2026/04/29 17:40:00 Downloaded C:\Users\DUROV\Documents\New project 6\cygwin-pkg-cache/https%3a%2f%2fmirrors.kernel.org%2fsourceware%2fcygwin%2f/x86_64/release/libiconv/libiconv2/libiconv2-1.19-2-x86_64.tar.xz
2026/04/29 17:40:00 Downloaded C:\Users\DUROV\Documents\New project 6\cygwin-pkg-cache/https%3a%2f%2fmirrors.kernel.org%2fsourceware%2fcygwin%2f/x86_64/release/gettext/libintl8/libintl8-0.22.5-1.tar.xz
2026/04/29 17:40:01 Downloaded C:\Users\DUROV\Documents\New project 6\cygwin-pkg-cache/https%3a%2f%2fmirrors.kernel.org%2fsourceware%2fcygwin%2f/x86_64/release/ncurses/libncursesw10/libncursesw10-6.5+20240427-1.tar.xz
2026/04/29 17:40:01 Downloaded C:\Users\DUROV\Documents\New project 6\cygwin-pkg-cache/https%3a%2f%2fmirrors.kernel.org%2fsourceware%2fcygwin%2f/x86_64/release/readline/libreadline7/libreadline7-8.2-2.tar.xz
2026/04/29 17:40:02 Downloaded C:\Users\DUROV\Documents\New project 6\cygwin-pkg-cache/https%3a%2f%2fmirrors.kernel.org%2fsourceware%2fcygwin%2f/x86_64/release/bash/bash-5.2.21-1.tar.xz
2026/04/29 17:40:03 Downloaded C:\Users\DUROV\Documents\New project 6\cygwin-pkg-cache/https%3a%2f%2fmirrors.kernel.org%2fsourceware%2fcygwin%2f/x86_64/release/gcc/libgcc1/libgcc1-13.4.0-1-x86_64.tar.zst
2026/04/29 17:40:03 Downloaded C:\Users\DUROV\Documents\New project 6\cygwin-pkg-cache/https%3a%2f%2fmirrors.kernel.org%2fsourceware%2fcygwin%2f/noarch/release/crypto-policies/crypto-policies-20190218-1.tar.xz
2026/04/29 17:40:03 Downloaded C:\Users\DUROV\Documents\New project 6\cygwin-pkg-cache/https%3a%2f%2fmirrors.kernel.org%2fsourceware%2fcygwin%2f/noarch/release/base-cygwin/base-cygwin-3.8-2.tar.xz
2026/04/29 17:40:03 Downloaded C:\Users\DUROV\Documents\New project 6\cygwin-pkg-cache/https%3a%2f%2fmirrors.kernel.org%2fsourceware%2fcygwin%2f/x86_64/release/zstd/libzstd1/libzstd1-1.5.7-1.tar.zst
2026/04/29 17:40:04 Downloaded C:\Users\DUROV\Documents\New project 6\cygwin-pkg-cache/https%3a%2f%2fmirrors.kernel.org%2fsourceware%2fcygwin%2f/x86_64/release/zlib/zlib0/zlib0-1.3.2-1-x86_64.tar.zst
2026/04/29 17:40:04 Downloaded C:\Users\DUROV\Documents\New project 6\cygwin-pkg-cache/https%3a%2f%2fmirrors.kernel.org%2fsourceware%2fcygwin%2f/x86_64/release/which/which-2.23-1-x86_64.tar.xz
2026/04/29 17:40:05 Downloaded C:\Users\DUROV\Documents\New project 6\cygwin-pkg-cache/https%3a%2f%2fmirrors.kernel.org%2fsourceware%2fcygwin%2f/x86_64/release/vim/vim-minimal/vim-minimal-9.1.1825-1-x86_64.tar.xz
2026/04/29 17:40:05 Downloaded C:\Users\DUROV\Documents\New project 6\cygwin-pkg-cache/https%3a%2f%2fmirrors.kernel.org%2fsourceware%2fcygwin%2f/x86_64/release/tzcode/tzcode-2026b-1-x86_64.tar.xz
2026/04/29 17:40:06 Downloaded C:\Users\DUROV\Documents\New project 6\cygwin-pkg-cache/https%3a%2f%2fmirrors.kernel.org%2fsourceware%2fcygwin%2f/x86_64/release/run/run-1.3.4-2.tar.xz
2026/04/29 17:40:06 Downloaded C:\Users\DUROV\Documents\New project 6\cygwin-pkg-cache/https%3a%2f%2fmirrors.kernel.org%2fsourceware%2fcygwin%2f/x86_64/release/ncurses/ncurses-6.5+20240427-1.tar.xz
2026/04/29 17:40:06 Downloaded C:\Users\DUROV\Documents\New project 6\cygwin-pkg-cache/https%3a%2f%2fmirrors.kernel.org%2fsourceware%2fcygwin%2f/x86_64/release/login/login-1.13-1.tar.xz
2026/04/29 17:40:07 Downloaded C:\Users\DUROV\Documents\New project 6\cygwin-pkg-cache/https%3a%2f%2fmirrors.kernel.org%2fsourceware%2fcygwin%2f/x86_64/release/util-linux/libuuid1/libuuid1-2.40.2-2.tar.xz
2026/04/29 17:40:07 Downloaded C:\Users\DUROV\Documents\New project 6\cygwin-pkg-cache/https%3a%2f%2fmirrors.kernel.org%2fsourceware%2fcygwin%2f/x86_64/release/libtasn1/libtasn1_6/libtasn1_6-4.21.0-1-x86_64.tar.xz
2026/04/29 17:40:07 Downloaded C:\Users\DUROV\Documents\New project 6\cygwin-pkg-cache/https%3a%2f%2fmirrors.kernel.org%2fsourceware%2fcygwin%2f/x86_64/release/gcc/libstdc++6/libstdc++6-13.4.0-1-x86_64.tar.zst
2026/04/29 17:40:08 Downloaded C:\Users\DUROV\Documents\New project 6\cygwin-pkg-cache/https%3a%2f%2fmirrors.kernel.org%2fsourceware%2fcygwin%2f/x86_64/release/util-linux/libsmartcols1/libsmartcols1-2.40.2-2.tar.xz
2026/04/29 17:40:08 Downloaded C:\Users\DUROV\Documents\New project 6\cygwin-pkg-cache/https%3a%2f%2fmirrors.kernel.org%2fsourceware%2fcygwin%2f/x86_64/release/readline/libreadline8/libreadline8-8.3-1-x86_64.tar.xz
2026/04/29 17:40:08 Downloaded C:\Users\DUROV\Documents\New project 6\cygwin-pkg-cache/https%3a%2f%2fmirrors.kernel.org%2fsourceware%2fcygwin%2f/x86_64/release/popt/libpopt0/libpopt0-1.19-1.tar.xz
2026/04/29 17:40:09 Downloaded C:\Users\DUROV\Documents\New project 6\cygwin-pkg-cache/https%3a%2f%2fmirrors.kernel.org%2fsourceware%2fcygwin%2f/x86_64/release/libpipeline/libpipeline1/libpipeline1-1.5.8-1-x86_64.tar.xz
2026/04/29 17:40:09 Downloaded C:\Users\DUROV\Documents\New project 6\cygwin-pkg-cache/https%3a%2f%2fmirrors.kernel.org%2fsourceware%2fcygwin%2f/x86_64/release/pcre2/libpcre2_8_0/libpcre2_8_0-10.47-1-x86_64.tar.zst
2026/04/29 17:40:09 Downloaded C:\Users\DUROV\Documents\New project 6\cygwin-pkg-cache/https%3a%2f%2fmirrors.kernel.org%2fsourceware%2fcygwin%2f/x86_64/release/pcre/libpcre1/libpcre1-8.45-1.tar.zst
2026/04/29 17:40:10 Downloaded C:\Users\DUROV\Documents\New project 6\cygwin-pkg-cache/https%3a%2f%2fmirrors.kernel.org%2fsourceware%2fcygwin%2f/x86_64/release/xz/liblzma5/liblzma5-5.8.3-1-x86_64.tar.zst
2026/04/29 17:40:10 Downloaded C:\Users\DUROV\Documents\New project 6\cygwin-pkg-cache/https%3a%2f%2fmirrors.kernel.org%2fsourceware%2fcygwin%2f/x86_64/release/lz4/liblz4_1/liblz4_1-1.9.4-1.tar.xz
2026/04/29 17:40:10 Downloaded C:\Users\DUROV\Documents\New project 6\cygwin-pkg-cache/https%3a%2f%2fmirrors.kernel.org%2fsourceware%2fcygwin%2f/x86_64/release/util-linux/liblastlog2/liblastlog2-2.40.2-2.tar.xz
2026/04/29 17:40:11 Downloaded C:\Users\DUROV\Documents\New project 6\cygwin-pkg-cache/https%3a%2f%2fmirrors.kernel.org%2fsourceware%2fcygwin%2f/x86_64/release/gmp/libgmp10/libgmp10-6.3.0-1.tar.zst
2026/04/29 17:40:11 Downloaded C:\Users\DUROV\Documents\New project 6\cygwin-pkg-cache/https%3a%2f%2fmirrors.kernel.org%2fsourceware%2fcygwin%2f/x86_64/release/gdbm/libgdbm6/libgdbm6-1.26-1-x86_64.tar.xz
2026/04/29 17:40:11 Downloaded C:\Users\DUROV\Documents\New project 6\cygwin-pkg-cache/https%3a%2f%2fmirrors.kernel.org%2fsourceware%2fcygwin%2f/x86_64/release/libffi/libffi6/libffi6-3.2.1-2.tar.xz
2026/04/29 17:40:12 Downloaded C:\Users\DUROV\Documents\New project 6\cygwin-pkg-cache/https%3a%2f%2fmirrors.kernel.org%2fsourceware%2fcygwin%2f/x86_64/release/e2fsprogs/libe2p2/libe2p2-1.44.5-1.tar.xz
2026/04/29 17:40:12 Downloaded C:\Users\DUROV\Documents\New project 6\cygwin-pkg-cache/https%3a%2f%2fmirrors.kernel.org%2fsourceware%2fcygwin%2f/x86_64/release/e2fsprogs/libcom_err2/libcom_err2-1.44.5-1.tar.xz
2026/04/29 17:40:12 Downloaded C:\Users\DUROV\Documents\New project 6\cygwin-pkg-cache/https%3a%2f%2fmirrors.kernel.org%2fsourceware%2fcygwin%2f/x86_64/release/bzip2/libbz2_1/libbz2_1-1.0.8-2-x86_64.tar.xz
2026/04/29 17:40:13 Downloaded C:\Users\DUROV\Documents\New project 6\cygwin-pkg-cache/https%3a%2f%2fmirrors.kernel.org%2fsourceware%2fcygwin%2f/x86_64/release/util-linux/libblkid1/libblkid1-2.40.2-2.tar.xz
2026/04/29 17:40:13 Downloaded C:\Users\DUROV\Documents\New project 6\cygwin-pkg-cache/https%3a%2f%2fmirrors.kernel.org%2fsourceware%2fcygwin%2f/x86_64/release/attr/libattr1/libattr1-2.5.2-2-x86_64.tar.xz
2026/04/29 17:40:14 Downloaded C:\Users\DUROV\Documents\New project 6\cygwin-pkg-cache/https%3a%2f%2fmirrors.kernel.org%2fsourceware%2fcygwin%2f/x86_64/release/libargp/libargp-20250917-2-x86_64.tar.xz
2026/04/29 17:40:15 Downloaded C:\Users\DUROV\Documents\New project 6\cygwin-pkg-cache/https%3a%2f%2fmirrors.kernel.org%2fsourceware%2fcygwin%2f/x86_64/release/ipc-utils/ipc-utils-1.1-1.tar.xz
2026/04/29 17:40:15 Downloaded C:\Users\DUROV\Documents\New project 6\cygwin-pkg-cache/https%3a%2f%2fmirrors.kernel.org%2fsourceware%2fcygwin%2f/x86_64/release/hostname/hostname-3.13-1.tar.bz2
2026/04/29 17:40:17 Downloaded C:\Users\DUROV\Documents\New project 6\cygwin-pkg-cache/https%3a%2f%2fmirrors.kernel.org%2fsourceware%2fcygwin%2f/x86_64/release/gzip/gzip-1.14-1-x86_64.tar.xz
2026/04/29 17:40:17 Downloaded C:\Users\DUROV\Documents\New project 6\cygwin-pkg-cache/https%3a%2f%2fmirrors.kernel.org%2fsourceware%2fcygwin%2f/x86_64/release/editrights/editrights-1.04-1.tar.xz
2026/04/29 17:40:18 Downloaded C:\Users\DUROV\Documents\New project 6\cygwin-pkg-cache/https%3a%2f%2fmirrors.kernel.org%2fsourceware%2fcygwin%2f/x86_64/release/diffutils/diffutils-3.12-1-x86_64.tar.xz
2026/04/29 17:40:18 Downloaded C:\Users\DUROV\Documents\New project 6\cygwin-pkg-cache/https%3a%2f%2fmirrors.kernel.org%2fsourceware%2fcygwin%2f/x86_64/release/dash/dash-0.5.12-5.tar.xz
2026/04/29 17:40:19 Downloaded C:\Users\DUROV\Documents\New project 6\cygwin-pkg-cache/https%3a%2f%2fmirrors.kernel.org%2fsourceware%2fcygwin%2f/x86_64/release/alternatives/alternatives-1.31-1.tar.xz
2026/04/29 17:40:19 Downloaded C:\Users\DUROV\Documents\New project 6\cygwin-pkg-cache/https%3a%2f%2fmirrors.kernel.org%2fsourceware%2fcygwin%2f/x86_64/release/uchardet/libuchardet0/libuchardet0-0.0.8-1.tar.zst
2026/04/29 17:40:19 Downloaded C:\Users\DUROV\Documents\New project 6\cygwin-pkg-cache/https%3a%2f%2fmirrors.kernel.org%2fsourceware%2fcygwin%2f/x86_64/release/cygutils/cygutils-1.4.17-4-x86_64.tar.xz
2026/04/29 17:40:20 Downloaded C:\Users\DUROV\Documents\New project 6\cygwin-pkg-cache/https%3a%2f%2fmirrors.kernel.org%2fsourceware%2fcygwin%2f/x86_64/release/grep/grep-3.12-1-x86_64.tar.xz
2026/04/29 17:40:20 Downloaded C:\Users\DUROV\Documents\New project 6\cygwin-pkg-cache/https%3a%2f%2fmirrors.kernel.org%2fsourceware%2fcygwin%2f/x86_64/release/less/less-691-1-x86_64.tar.xz
2026/04/29 17:40:21 Downloaded C:\Users\DUROV\Documents\New project 6\cygwin-pkg-cache/https%3a%2f%2fmirrors.kernel.org%2fsourceware%2fcygwin%2f/x86_64/release/xz/xz-5.8.3-1-x86_64.tar.zst
2026/04/29 17:40:22 Downloaded C:\Users\DUROV\Documents\New project 6\cygwin-pkg-cache/https%3a%2f%2fmirrors.kernel.org%2fsourceware%2fcygwin%2f/x86_64/release/zstd/zstd-1.5.7-1.tar.zst
2026/04/29 17:40:22 Downloaded C:\Users\DUROV\Documents\New project 6\cygwin-pkg-cache/https%3a%2f%2fmirrors.kernel.org%2fsourceware%2fcygwin%2f/x86_64/release/mpfr/libmpfr6/libmpfr6-4.2.2-1.tar.zst
2026/04/29 17:40:23 Downloaded C:\Users\DUROV\Documents\New project 6\cygwin-pkg-cache/https%3a%2f%2fmirrors.kernel.org%2fsourceware%2fcygwin%2f/x86_64/release/p11-kit/libp11-kit0/libp11-kit0-0.23.20-1.tar.xz
2026/04/29 17:40:23 Downloaded C:\Users\DUROV\Documents\New project 6\cygwin-pkg-cache/https%3a%2f%2fmirrors.kernel.org%2fsourceware%2fcygwin%2f/x86_64/release/e2fsprogs/libss2/libss2-1.44.5-1.tar.xz
2026/04/29 17:40:23 Downloaded C:\Users\DUROV\Documents\New project 6\cygwin-pkg-cache/https%3a%2f%2fmirrors.kernel.org%2fsourceware%2fcygwin%2f/x86_64/release/e2fsprogs/libext2fs2/libext2fs2-1.44.5-1.tar.xz
2026/04/29 17:40:24 Downloaded C:\Users\DUROV\Documents\New project 6\cygwin-pkg-cache/https%3a%2f%2fmirrors.kernel.org%2fsourceware%2fcygwin%2f/x86_64/release/file/file-5.46-1-x86_64.tar.xz
2026/04/29 17:40:25 Downloaded C:\Users\DUROV\Documents\New project 6\cygwin-pkg-cache/https%3a%2f%2fmirrors.kernel.org%2fsourceware%2fcygwin%2f/x86_64/release/bzip2/bzip2-1.0.8-2-x86_64.tar.xz
2026/04/29 17:40:25 Downloaded C:\Users\DUROV\Documents\New project 6\cygwin-pkg-cache/https%3a%2f%2fmirrors.kernel.org%2fsourceware%2fcygwin%2f/x86_64/release/util-linux/libfdisk1/libfdisk1-2.40.2-2.tar.xz
2026/04/29 17:40:26 Downloaded C:\Users\DUROV\Documents\New project 6\cygwin-pkg-cache/https%3a%2f%2fmirrors.kernel.org%2fsourceware%2fcygwin%2f/x86_64/release/sed/sed-4.10-1-x86_64.tar.xz
2026/04/29 17:40:28 Downloaded C:\Users\DUROV\Documents\New project 6\cygwin-pkg-cache/https%3a%2f%2fmirrors.kernel.org%2fsourceware%2fcygwin%2f/x86_64/release/coreutils/coreutils-9.0-1.tar.xz
2026/04/29 17:40:29 Downloaded C:\Users\DUROV\Documents\New project 6\cygwin-pkg-cache/https%3a%2f%2fmirrors.kernel.org%2fsourceware%2fcygwin%2f/x86_64/release/getent/getent-2.18.90-5.tar.xz
2026/04/29 17:40:29 Downloaded C:\Users\DUROV\Documents\New project 6\cygwin-pkg-cache/https%3a%2f%2fmirrors.kernel.org%2fsourceware%2fcygwin%2f/x86_64/release/rebase/rebase-4.6.6-1.tar.xz
2026/04/29 17:40:30 Downloaded C:\Users\DUROV\Documents\New project 6\cygwin-pkg-cache/https%3a%2f%2fmirrors.kernel.org%2fsourceware%2fcygwin%2f/x86_64/release/mintty/mintty-3.8.2-1-x86_64.tar.xz
2026/04/29 17:40:32 Downloaded C:\Users\DUROV\Documents\New project 6\cygwin-pkg-cache/https%3a%2f%2fmirrors.kernel.org%2fsourceware%2fcygwin%2f/x86_64/release/texinfo/info/info-7.1-2.tar.zst
2026/04/29 17:40:32 Downloaded C:\Users\DUROV\Documents\New project 6\cygwin-pkg-cache/https%3a%2f%2fmirrors.kernel.org%2fsourceware%2fcygwin%2f/noarch/release/_autorebase/_autorebase-001091-1.tar.zst
2026/04/29 17:40:38 Downloaded C:\Users\DUROV\Documents\New project 6\cygwin-pkg-cache/https%3a%2f%2fmirrors.kernel.org%2fsourceware%2fcygwin%2f/x86_64/release/groff/groff-1.24.1-1-x86_64.tar.zst
2026/04/29 17:40:40 Downloaded C:\Users\DUROV\Documents\New project 6\cygwin-pkg-cache/https%3a%2f%2fmirrors.kernel.org%2fsourceware%2fcygwin%2f/x86_64/release/gawk/gawk-5.4.0-1-x86_64.tar.xz
2026/04/29 17:40:40 Downloaded C:\Users\DUROV\Documents\New project 6\cygwin-pkg-cache/https%3a%2f%2fmirrors.kernel.org%2fsourceware%2fcygwin%2f/x86_64/release/p11-kit/p11-kit-trust/p11-kit-trust-0.23.20-1.tar.xz
2026/04/29 17:40:41 Downloaded C:\Users\DUROV\Documents\New project 6\cygwin-pkg-cache/https%3a%2f%2fmirrors.kernel.org%2fsourceware%2fcygwin%2f/x86_64/release/p11-kit/p11-kit-0.23.20-1.tar.xz
2026/04/29 17:40:42 Downloaded C:\Users\DUROV\Documents\New project 6\cygwin-pkg-cache/https%3a%2f%2fmirrors.kernel.org%2fsourceware%2fcygwin%2f/x86_64/release/e2fsprogs/e2fsprogs-1.44.5-1.tar.xz
2026/04/29 17:40:43 Downloaded C:\Users\DUROV\Documents\New project 6\cygwin-pkg-cache/https%3a%2f%2fmirrors.kernel.org%2fsourceware%2fcygwin%2f/x86_64/release/tar/tar-1.35-2.tar.zst
2026/04/29 17:40:46 Downloaded C:\Users\DUROV\Documents\New project 6\cygwin-pkg-cache/https%3a%2f%2fmirrors.kernel.org%2fsourceware%2fcygwin%2f/x86_64/release/util-linux/util-linux-2.40.2-2.tar.xz
2026/04/29 17:40:48 Downloaded C:\Users\DUROV\Documents\New project 6\cygwin-pkg-cache/https%3a%2f%2fmirrors.kernel.org%2fsourceware%2fcygwin%2f/x86_64/release/findutils/findutils-4.10.0-1.tar.xz
2026/04/29 17:40:50 Downloaded C:\Users\DUROV\Documents\New project 6\cygwin-pkg-cache/https%3a%2f%2fmirrors.kernel.org%2fsourceware%2fcygwin%2f/noarch/release/ca-certificates/ca-certificates-2025.2.80_v9.0.304-1-noarch.tar.zst
2026/04/29 17:40:51 Downloaded C:\Users\DUROV\Documents\New project 6\cygwin-pkg-cache/https%3a%2f%2fmirrors.kernel.org%2fsourceware%2fcygwin%2f/x86_64/release/man-db/man-db-2.13.1-1-x86_64.tar.zst
2026/04/29 17:40:51 Downloaded C:\Users\DUROV\Documents\New project 6\cygwin-pkg-cache/https%3a%2f%2fmirrors.kernel.org%2fsourceware%2fcygwin%2f/noarch/release/base-files/base-files-4.3-3.tar.zst
2026/04/29 17:40:53 Downloaded C:\Users\DUROV\Documents\New project 6\cygwin-pkg-cache/https%3a%2f%2fmirrors.kernel.org%2fsourceware%2fcygwin%2f/x86_64/release/openssl/libssl3/libssl3-3.5.6-1-x86_64.tar.zst
2026/04/29 17:40:55 Downloaded C:\Users\DUROV\Documents\New project 6\cygwin-pkg-cache/https%3a%2f%2fmirrors.kernel.org%2fsourceware%2fcygwin%2f/x86_64/release/openssl/libssl1.1/libssl1.1-1.1.1w-1.tar.zst
2026/04/29 17:40:57 Downloaded C:\Users\DUROV\Documents\New project 6\cygwin-pkg-cache/https%3a%2f%2fmirrors.kernel.org%2fsourceware%2fcygwin%2f/x86_64/release/openssl/openssl-3.5.6-1-x86_64.tar.zst
2026/04/29 17:40:57 Registry value set: HKEY_LOCAL_MACHINE\Software\Cygwin\setup\rootdir = "C:\Users\DUROV\Documents\New project 6\cygwin64-routerfmt"
2026/04/29 17:40:57 Extracting from file://C:\Users\DUROV\Documents\New project 6\cygwin-pkg-cache/https%3a%2f%2fmirrors.kernel.org%2fsourceware%2fcygwin%2f/x86_64/release/gettext/gettext-locale-alias/gettext-locale-alias-0.26-1-x86_64.tar.xz
2026/04/29 17:40:57 Extracting from file://C:\Users\DUROV\Documents\New project 6\cygwin-pkg-cache/https%3a%2f%2fmirrors.kernel.org%2fsourceware%2fcygwin%2f/x86_64/release/popt/libpopt-common/libpopt-common-1.19-1.tar.xz
2026/04/29 17:40:57 Extracting from file://C:\Users\DUROV\Documents\New project 6\cygwin-pkg-cache/https%3a%2f%2fmirrors.kernel.org%2fsourceware%2fcygwin%2f/x86_64/release/sqlite3/libsqlite3_0/libsqlite3_0-3.49.1-1.tar.xz
2026/04/29 17:40:57 Extracting from file://C:\Users\DUROV\Documents\New project 6\cygwin-pkg-cache/https%3a%2f%2fmirrors.kernel.org%2fsourceware%2fcygwin%2f/x86_64/release/ncurses/terminfo/terminfo-6.5+20240427-1.tar.xz
2026/04/29 17:40:57 Extracting from file://C:\Users\DUROV\Documents\New project 6\cygwin-pkg-cache/https%3a%2f%2fmirrors.kernel.org%2fsourceware%2fcygwin%2f/noarch/release/tzdata/tzdata-2026b-1-noarch.tar.xz
2026/04/29 17:40:58 Extracting from file://C:\Users\DUROV\Documents\New project 6\cygwin-pkg-cache/https%3a%2f%2fmirrors.kernel.org%2fsourceware%2fcygwin%2f/x86_64/release/cygwin/cygwin-3.6.9-1-x86_64.tar.xz
2026/04/29 17:40:59 Extracting from file://C:\Users\DUROV\Documents\New project 6\cygwin-pkg-cache/https%3a%2f%2fmirrors.kernel.org%2fsourceware%2fcygwin%2f/x86_64/release/libiconv/libiconv2/libiconv2-1.19-2-x86_64.tar.xz
2026/04/29 17:40:59 Extracting from file://C:\Users\DUROV\Documents\New project 6\cygwin-pkg-cache/https%3a%2f%2fmirrors.kernel.org%2fsourceware%2fcygwin%2f/x86_64/release/gettext/libintl8/libintl8-0.22.5-1.tar.xz
2026/04/29 17:40:59 Extracting from file://C:\Users\DUROV\Documents\New project 6\cygwin-pkg-cache/https%3a%2f%2fmirrors.kernel.org%2fsourceware%2fcygwin%2f/x86_64/release/ncurses/libncursesw10/libncursesw10-6.5+20240427-1.tar.xz
2026/04/29 17:40:59 Extracting from file://C:\Users\DUROV\Documents\New project 6\cygwin-pkg-cache/https%3a%2f%2fmirrors.kernel.org%2fsourceware%2fcygwin%2f/x86_64/release/readline/libreadline7/libreadline7-8.2-2.tar.xz
2026/04/29 17:40:59 Extracting from file://C:\Users\DUROV\Documents\New project 6\cygwin-pkg-cache/https%3a%2f%2fmirrors.kernel.org%2fsourceware%2fcygwin%2f/x86_64/release/bash/bash-5.2.21-1.tar.xz
2026/04/29 17:40:59 Extracting from file://C:\Users\DUROV\Documents\New project 6\cygwin-pkg-cache/https%3a%2f%2fmirrors.kernel.org%2fsourceware%2fcygwin%2f/x86_64/release/gcc/libgcc1/libgcc1-13.4.0-1-x86_64.tar.zst
2026/04/29 17:40:59 Extracting from file://C:\Users\DUROV\Documents\New project 6\cygwin-pkg-cache/https%3a%2f%2fmirrors.kernel.org%2fsourceware%2fcygwin%2f/noarch/release/crypto-policies/crypto-policies-20190218-1.tar.xz
2026/04/29 17:41:00 Extracting from file://C:\Users\DUROV\Documents\New project 6\cygwin-pkg-cache/https%3a%2f%2fmirrors.kernel.org%2fsourceware%2fcygwin%2f/noarch/release/base-cygwin/base-cygwin-3.8-2.tar.xz
2026/04/29 17:41:00 Extracting from file://C:\Users\DUROV\Documents\New project 6\cygwin-pkg-cache/https%3a%2f%2fmirrors.kernel.org%2fsourceware%2fcygwin%2f/x86_64/release/zstd/libzstd1/libzstd1-1.5.7-1.tar.zst
2026/04/29 17:41:00 Extracting from file://C:\Users\DUROV\Documents\New project 6\cygwin-pkg-cache/https%3a%2f%2fmirrors.kernel.org%2fsourceware%2fcygwin%2f/x86_64/release/zlib/zlib0/zlib0-1.3.2-1-x86_64.tar.zst
2026/04/29 17:41:00 Extracting from file://C:\Users\DUROV\Documents\New project 6\cygwin-pkg-cache/https%3a%2f%2fmirrors.kernel.org%2fsourceware%2fcygwin%2f/x86_64/release/which/which-2.23-1-x86_64.tar.xz
2026/04/29 17:41:00 Extracting from file://C:\Users\DUROV\Documents\New project 6\cygwin-pkg-cache/https%3a%2f%2fmirrors.kernel.org%2fsourceware%2fcygwin%2f/x86_64/release/vim/vim-minimal/vim-minimal-9.1.1825-1-x86_64.tar.xz
2026/04/29 17:41:00 Extracting from file://C:\Users\DUROV\Documents\New project 6\cygwin-pkg-cache/https%3a%2f%2fmirrors.kernel.org%2fsourceware%2fcygwin%2f/x86_64/release/tzcode/tzcode-2026b-1-x86_64.tar.xz
2026/04/29 17:41:00 Extracting from file://C:\Users\DUROV\Documents\New project 6\cygwin-pkg-cache/https%3a%2f%2fmirrors.kernel.org%2fsourceware%2fcygwin%2f/x86_64/release/run/run-1.3.4-2.tar.xz
2026/04/29 17:41:00 Extracting from file://C:\Users\DUROV\Documents\New project 6\cygwin-pkg-cache/https%3a%2f%2fmirrors.kernel.org%2fsourceware%2fcygwin%2f/x86_64/release/ncurses/ncurses-6.5+20240427-1.tar.xz
2026/04/29 17:41:00 Extracting from file://C:\Users\DUROV\Documents\New project 6\cygwin-pkg-cache/https%3a%2f%2fmirrors.kernel.org%2fsourceware%2fcygwin%2f/x86_64/release/login/login-1.13-1.tar.xz
2026/04/29 17:41:00 Extracting from file://C:\Users\DUROV\Documents\New project 6\cygwin-pkg-cache/https%3a%2f%2fmirrors.kernel.org%2fsourceware%2fcygwin%2f/x86_64/release/util-linux/libuuid1/libuuid1-2.40.2-2.tar.xz
2026/04/29 17:41:00 Extracting from file://C:\Users\DUROV\Documents\New project 6\cygwin-pkg-cache/https%3a%2f%2fmirrors.kernel.org%2fsourceware%2fcygwin%2f/x86_64/release/libtasn1/libtasn1_6/libtasn1_6-4.21.0-1-x86_64.tar.xz
2026/04/29 17:41:00 Extracting from file://C:\Users\DUROV\Documents\New project 6\cygwin-pkg-cache/https%3a%2f%2fmirrors.kernel.org%2fsourceware%2fcygwin%2f/x86_64/release/gcc/libstdc++6/libstdc++6-13.4.0-1-x86_64.tar.zst
2026/04/29 17:41:00 Extracting from file://C:\Users\DUROV\Documents\New project 6\cygwin-pkg-cache/https%3a%2f%2fmirrors.kernel.org%2fsourceware%2fcygwin%2f/x86_64/release/util-linux/libsmartcols1/libsmartcols1-2.40.2-2.tar.xz
2026/04/29 17:41:00 Extracting from file://C:\Users\DUROV\Documents\New project 6\cygwin-pkg-cache/https%3a%2f%2fmirrors.kernel.org%2fsourceware%2fcygwin%2f/x86_64/release/readline/libreadline8/libreadline8-8.3-1-x86_64.tar.xz
2026/04/29 17:41:00 Extracting from file://C:\Users\DUROV\Documents\New project 6\cygwin-pkg-cache/https%3a%2f%2fmirrors.kernel.org%2fsourceware%2fcygwin%2f/x86_64/release/popt/libpopt0/libpopt0-1.19-1.tar.xz
2026/04/29 17:41:00 Extracting from file://C:\Users\DUROV\Documents\New project 6\cygwin-pkg-cache/https%3a%2f%2fmirrors.kernel.org%2fsourceware%2fcygwin%2f/x86_64/release/libpipeline/libpipeline1/libpipeline1-1.5.8-1-x86_64.tar.xz
2026/04/29 17:41:00 Extracting from file://C:\Users\DUROV\Documents\New project 6\cygwin-pkg-cache/https%3a%2f%2fmirrors.kernel.org%2fsourceware%2fcygwin%2f/x86_64/release/pcre2/libpcre2_8_0/libpcre2_8_0-10.47-1-x86_64.tar.zst
2026/04/29 17:41:00 Extracting from file://C:\Users\DUROV\Documents\New project 6\cygwin-pkg-cache/https%3a%2f%2fmirrors.kernel.org%2fsourceware%2fcygwin%2f/x86_64/release/pcre/libpcre1/libpcre1-8.45-1.tar.zst
2026/04/29 17:41:00 Extracting from file://C:\Users\DUROV\Documents\New project 6\cygwin-pkg-cache/https%3a%2f%2fmirrors.kernel.org%2fsourceware%2fcygwin%2f/x86_64/release/xz/liblzma5/liblzma5-5.8.3-1-x86_64.tar.zst
2026/04/29 17:41:00 Extracting from file://C:\Users\DUROV\Documents\New project 6\cygwin-pkg-cache/https%3a%2f%2fmirrors.kernel.org%2fsourceware%2fcygwin%2f/x86_64/release/lz4/liblz4_1/liblz4_1-1.9.4-1.tar.xz
2026/04/29 17:41:00 Extracting from file://C:\Users\DUROV\Documents\New project 6\cygwin-pkg-cache/https%3a%2f%2fmirrors.kernel.org%2fsourceware%2fcygwin%2f/x86_64/release/util-linux/liblastlog2/liblastlog2-2.40.2-2.tar.xz
2026/04/29 17:41:00 Extracting from file://C:\Users\DUROV\Documents\New project 6\cygwin-pkg-cache/https%3a%2f%2fmirrors.kernel.org%2fsourceware%2fcygwin%2f/x86_64/release/gmp/libgmp10/libgmp10-6.3.0-1.tar.zst
2026/04/29 17:41:00 Extracting from file://C:\Users\DUROV\Documents\New project 6\cygwin-pkg-cache/https%3a%2f%2fmirrors.kernel.org%2fsourceware%2fcygwin%2f/x86_64/release/gdbm/libgdbm6/libgdbm6-1.26-1-x86_64.tar.xz
2026/04/29 17:41:00 Extracting from file://C:\Users\DUROV\Documents\New project 6\cygwin-pkg-cache/https%3a%2f%2fmirrors.kernel.org%2fsourceware%2fcygwin%2f/x86_64/release/libffi/libffi6/libffi6-3.2.1-2.tar.xz
2026/04/29 17:41:00 Extracting from file://C:\Users\DUROV\Documents\New project 6\cygwin-pkg-cache/https%3a%2f%2fmirrors.kernel.org%2fsourceware%2fcygwin%2f/x86_64/release/e2fsprogs/libe2p2/libe2p2-1.44.5-1.tar.xz
2026/04/29 17:41:00 Extracting from file://C:\Users\DUROV\Documents\New project 6\cygwin-pkg-cache/https%3a%2f%2fmirrors.kernel.org%2fsourceware%2fcygwin%2f/x86_64/release/e2fsprogs/libcom_err2/libcom_err2-1.44.5-1.tar.xz
2026/04/29 17:41:00 Extracting from file://C:\Users\DUROV\Documents\New project 6\cygwin-pkg-cache/https%3a%2f%2fmirrors.kernel.org%2fsourceware%2fcygwin%2f/x86_64/release/bzip2/libbz2_1/libbz2_1-1.0.8-2-x86_64.tar.xz
2026/04/29 17:41:00 Extracting from file://C:\Users\DUROV\Documents\New project 6\cygwin-pkg-cache/https%3a%2f%2fmirrors.kernel.org%2fsourceware%2fcygwin%2f/x86_64/release/util-linux/libblkid1/libblkid1-2.40.2-2.tar.xz
2026/04/29 17:41:00 Extracting from file://C:\Users\DUROV\Documents\New project 6\cygwin-pkg-cache/https%3a%2f%2fmirrors.kernel.org%2fsourceware%2fcygwin%2f/x86_64/release/attr/libattr1/libattr1-2.5.2-2-x86_64.tar.xz
2026/04/29 17:41:00 Extracting from file://C:\Users\DUROV\Documents\New project 6\cygwin-pkg-cache/https%3a%2f%2fmirrors.kernel.org%2fsourceware%2fcygwin%2f/x86_64/release/libargp/libargp-20250917-2-x86_64.tar.xz
2026/04/29 17:41:00 Extracting from file://C:\Users\DUROV\Documents\New project 6\cygwin-pkg-cache/https%3a%2f%2fmirrors.kernel.org%2fsourceware%2fcygwin%2f/x86_64/release/ipc-utils/ipc-utils-1.1-1.tar.xz
2026/04/29 17:41:00 Extracting from file://C:\Users\DUROV\Documents\New project 6\cygwin-pkg-cache/https%3a%2f%2fmirrors.kernel.org%2fsourceware%2fcygwin%2f/x86_64/release/hostname/hostname-3.13-1.tar.bz2
2026/04/29 17:41:00 Extracting from file://C:\Users\DUROV\Documents\New project 6\cygwin-pkg-cache/https%3a%2f%2fmirrors.kernel.org%2fsourceware%2fcygwin%2f/x86_64/release/gzip/gzip-1.14-1-x86_64.tar.xz
2026/04/29 17:41:01 Extracting from file://C:\Users\DUROV\Documents\New project 6\cygwin-pkg-cache/https%3a%2f%2fmirrors.kernel.org%2fsourceware%2fcygwin%2f/x86_64/release/editrights/editrights-1.04-1.tar.xz
2026/04/29 17:41:01 Extracting from file://C:\Users\DUROV\Documents\New project 6\cygwin-pkg-cache/https%3a%2f%2fmirrors.kernel.org%2fsourceware%2fcygwin%2f/x86_64/release/diffutils/diffutils-3.12-1-x86_64.tar.xz
2026/04/29 17:41:01 Extracting from file://C:\Users\DUROV\Documents\New project 6\cygwin-pkg-cache/https%3a%2f%2fmirrors.kernel.org%2fsourceware%2fcygwin%2f/x86_64/release/dash/dash-0.5.12-5.tar.xz
2026/04/29 17:41:01 Extracting from file://C:\Users\DUROV\Documents\New project 6\cygwin-pkg-cache/https%3a%2f%2fmirrors.kernel.org%2fsourceware%2fcygwin%2f/x86_64/release/alternatives/alternatives-1.31-1.tar.xz
2026/04/29 17:41:01 Extracting from file://C:\Users\DUROV\Documents\New project 6\cygwin-pkg-cache/https%3a%2f%2fmirrors.kernel.org%2fsourceware%2fcygwin%2f/x86_64/release/uchardet/libuchardet0/libuchardet0-0.0.8-1.tar.zst
2026/04/29 17:41:01 Extracting from file://C:\Users\DUROV\Documents\New project 6\cygwin-pkg-cache/https%3a%2f%2fmirrors.kernel.org%2fsourceware%2fcygwin%2f/x86_64/release/cygutils/cygutils-1.4.17-4-x86_64.tar.xz
2026/04/29 17:41:01 Extracting from file://C:\Users\DUROV\Documents\New project 6\cygwin-pkg-cache/https%3a%2f%2fmirrors.kernel.org%2fsourceware%2fcygwin%2f/x86_64/release/grep/grep-3.12-1-x86_64.tar.xz
2026/04/29 17:41:02 Extracting from file://C:\Users\DUROV\Documents\New project 6\cygwin-pkg-cache/https%3a%2f%2fmirrors.kernel.org%2fsourceware%2fcygwin%2f/x86_64/release/less/less-691-1-x86_64.tar.xz
2026/04/29 17:41:02 Extracting from file://C:\Users\DUROV\Documents\New project 6\cygwin-pkg-cache/https%3a%2f%2fmirrors.kernel.org%2fsourceware%2fcygwin%2f/x86_64/release/xz/xz-5.8.3-1-x86_64.tar.zst
2026/04/29 17:41:02 Extracting from file://C:\Users\DUROV\Documents\New project 6\cygwin-pkg-cache/https%3a%2f%2fmirrors.kernel.org%2fsourceware%2fcygwin%2f/x86_64/release/zstd/zstd-1.5.7-1.tar.zst
2026/04/29 17:41:03 Extracting from file://C:\Users\DUROV\Documents\New project 6\cygwin-pkg-cache/https%3a%2f%2fmirrors.kernel.org%2fsourceware%2fcygwin%2f/x86_64/release/mpfr/libmpfr6/libmpfr6-4.2.2-1.tar.zst
2026/04/29 17:41:03 Extracting from file://C:\Users\DUROV\Documents\New project 6\cygwin-pkg-cache/https%3a%2f%2fmirrors.kernel.org%2fsourceware%2fcygwin%2f/x86_64/release/p11-kit/libp11-kit0/libp11-kit0-0.23.20-1.tar.xz
2026/04/29 17:41:03 Extracting from file://C:\Users\DUROV\Documents\New project 6\cygwin-pkg-cache/https%3a%2f%2fmirrors.kernel.org%2fsourceware%2fcygwin%2f/x86_64/release/e2fsprogs/libss2/libss2-1.44.5-1.tar.xz
2026/04/29 17:41:03 Extracting from file://C:\Users\DUROV\Documents\New project 6\cygwin-pkg-cache/https%3a%2f%2fmirrors.kernel.org%2fsourceware%2fcygwin%2f/x86_64/release/e2fsprogs/libext2fs2/libext2fs2-1.44.5-1.tar.xz
2026/04/29 17:41:03 Extracting from file://C:\Users\DUROV\Documents\New project 6\cygwin-pkg-cache/https%3a%2f%2fmirrors.kernel.org%2fsourceware%2fcygwin%2f/x86_64/release/file/file-5.46-1-x86_64.tar.xz
2026/04/29 17:41:03 Extracting from file://C:\Users\DUROV\Documents\New project 6\cygwin-pkg-cache/https%3a%2f%2fmirrors.kernel.org%2fsourceware%2fcygwin%2f/x86_64/release/bzip2/bzip2-1.0.8-2-x86_64.tar.xz
2026/04/29 17:41:03 Extracting from file://C:\Users\DUROV\Documents\New project 6\cygwin-pkg-cache/https%3a%2f%2fmirrors.kernel.org%2fsourceware%2fcygwin%2f/x86_64/release/util-linux/libfdisk1/libfdisk1-2.40.2-2.tar.xz
2026/04/29 17:41:03 Extracting from file://C:\Users\DUROV\Documents\New project 6\cygwin-pkg-cache/https%3a%2f%2fmirrors.kernel.org%2fsourceware%2fcygwin%2f/x86_64/release/sed/sed-4.10-1-x86_64.tar.xz
2026/04/29 17:41:03 Extracting from file://C:\Users\DUROV\Documents\New project 6\cygwin-pkg-cache/https%3a%2f%2fmirrors.kernel.org%2fsourceware%2fcygwin%2f/x86_64/release/coreutils/coreutils-9.0-1.tar.xz
2026/04/29 17:41:04 Extracting from file://C:\Users\DUROV\Documents\New project 6\cygwin-pkg-cache/https%3a%2f%2fmirrors.kernel.org%2fsourceware%2fcygwin%2f/x86_64/release/getent/getent-2.18.90-5.tar.xz
2026/04/29 17:41:04 Extracting from file://C:\Users\DUROV\Documents\New project 6\cygwin-pkg-cache/https%3a%2f%2fmirrors.kernel.org%2fsourceware%2fcygwin%2f/x86_64/release/rebase/rebase-4.6.6-1.tar.xz
2026/04/29 17:41:05 Extracting from file://C:\Users\DUROV\Documents\New project 6\cygwin-pkg-cache/https%3a%2f%2fmirrors.kernel.org%2fsourceware%2fcygwin%2f/x86_64/release/mintty/mintty-3.8.2-1-x86_64.tar.xz
2026/04/29 17:41:05 Extracting from file://C:\Users\DUROV\Documents\New project 6\cygwin-pkg-cache/https%3a%2f%2fmirrors.kernel.org%2fsourceware%2fcygwin%2f/x86_64/release/texinfo/info/info-7.1-2.tar.zst
2026/04/29 17:41:05 Extracting from file://C:\Users\DUROV\Documents\New project 6\cygwin-pkg-cache/https%3a%2f%2fmirrors.kernel.org%2fsourceware%2fcygwin%2f/noarch/release/_autorebase/_autorebase-001091-1.tar.zst
2026/04/29 17:41:05 Extracting from file://C:\Users\DUROV\Documents\New project 6\cygwin-pkg-cache/https%3a%2f%2fmirrors.kernel.org%2fsourceware%2fcygwin%2f/x86_64/release/groff/groff-1.24.1-1-x86_64.tar.zst
2026/04/29 17:41:07 Extracting from file://C:\Users\DUROV\Documents\New project 6\cygwin-pkg-cache/https%3a%2f%2fmirrors.kernel.org%2fsourceware%2fcygwin%2f/x86_64/release/gawk/gawk-5.4.0-1-x86_64.tar.xz
2026/04/29 17:41:07 Extracting from file://C:\Users\DUROV\Documents\New project 6\cygwin-pkg-cache/https%3a%2f%2fmirrors.kernel.org%2fsourceware%2fcygwin%2f/x86_64/release/p11-kit/p11-kit-trust/p11-kit-trust-0.23.20-1.tar.xz
2026/04/29 17:41:07 Extracting from file://C:\Users\DUROV\Documents\New project 6\cygwin-pkg-cache/https%3a%2f%2fmirrors.kernel.org%2fsourceware%2fcygwin%2f/x86_64/release/p11-kit/p11-kit-0.23.20-1.tar.xz
2026/04/29 17:41:07 Extracting from file://C:\Users\DUROV\Documents\New project 6\cygwin-pkg-cache/https%3a%2f%2fmirrors.kernel.org%2fsourceware%2fcygwin%2f/x86_64/release/e2fsprogs/e2fsprogs-1.44.5-1.tar.xz
2026/04/29 17:41:08 Extracting from file://C:\Users\DUROV\Documents\New project 6\cygwin-pkg-cache/https%3a%2f%2fmirrors.kernel.org%2fsourceware%2fcygwin%2f/x86_64/release/tar/tar-1.35-2.tar.zst
2026/04/29 17:41:08 Extracting from file://C:\Users\DUROV\Documents\New project 6\cygwin-pkg-cache/https%3a%2f%2fmirrors.kernel.org%2fsourceware%2fcygwin%2f/x86_64/release/util-linux/util-linux-2.40.2-2.tar.xz
2026/04/29 17:41:09 Extracting from file://C:\Users\DUROV\Documents\New project 6\cygwin-pkg-cache/https%3a%2f%2fmirrors.kernel.org%2fsourceware%2fcygwin%2f/x86_64/release/findutils/findutils-4.10.0-1.tar.xz
2026/04/29 17:41:09 Extracting from file://C:\Users\DUROV\Documents\New project 6\cygwin-pkg-cache/https%3a%2f%2fmirrors.kernel.org%2fsourceware%2fcygwin%2f/noarch/release/ca-certificates/ca-certificates-2025.2.80_v9.0.304-1-noarch.tar.zst
2026/04/29 17:41:09 Extracting from file://C:\Users\DUROV\Documents\New project 6\cygwin-pkg-cache/https%3a%2f%2fmirrors.kernel.org%2fsourceware%2fcygwin%2f/x86_64/release/man-db/man-db-2.13.1-1-x86_64.tar.zst
2026/04/29 17:41:10 Extracting from file://C:\Users\DUROV\Documents\New project 6\cygwin-pkg-cache/https%3a%2f%2fmirrors.kernel.org%2fsourceware%2fcygwin%2f/noarch/release/base-files/base-files-4.3-3.tar.zst
2026/04/29 17:41:10 Extracting from file://C:\Users\DUROV\Documents\New project 6\cygwin-pkg-cache/https%3a%2f%2fmirrors.kernel.org%2fsourceware%2fcygwin%2f/x86_64/release/openssl/libssl3/libssl3-3.5.6-1-x86_64.tar.zst
2026/04/29 17:41:10 Extracting from file://C:\Users\DUROV\Documents\New project 6\cygwin-pkg-cache/https%3a%2f%2fmirrors.kernel.org%2fsourceware%2fcygwin%2f/x86_64/release/openssl/libssl1.1/libssl1.1-1.1.1w-1.tar.zst
2026/04/29 17:41:10 Extracting from file://C:\Users\DUROV\Documents\New project 6\cygwin-pkg-cache/https%3a%2f%2fmirrors.kernel.org%2fsourceware%2fcygwin%2f/x86_64/release/openssl/openssl-3.5.6-1-x86_64.tar.zst
2026/04/29 17:41:11 running: C:\Users\DUROV\Documents\New project 6\cygwin64-routerfmt\bin\dash.exe "/etc/postinstall/0p_000_autorebase.dash"
2026/04/29 17:41:13 running: C:\Users\DUROV\Documents\New project 6\cygwin64-routerfmt\bin\dash.exe "/etc/postinstall/0p_update-info-dir.dash"
2026/04/29 17:41:16 running: C:\Users\DUROV\Documents\New project 6\cygwin64-routerfmt\bin\bash.exe --norc --noprofile "/etc/postinstall/000-cygwin-post-install.sh"
2026/04/29 17:41:16 running: C:\Users\DUROV\Documents\New project 6\cygwin64-routerfmt\bin\bash.exe --norc --noprofile "/etc/postinstall/coreutils.sh"
2026/04/29 17:41:16 running: C:\Users\DUROV\Documents\New project 6\cygwin64-routerfmt\bin\bash.exe --norc --noprofile "/etc/postinstall/base-files-mketc.sh"
2026/04/29 17:41:16 running: C:\Users\DUROV\Documents\New project 6\cygwin64-routerfmt\bin\bash.exe --norc --noprofile "/etc/postinstall/base-files-profile.sh"
2026/04/29 17:41:18 running: C:\Users\DUROV\Documents\New project 6\cygwin64-routerfmt\bin\bash.exe --norc --noprofile "/etc/postinstall/p11-kit.sh"
2026/04/29 17:41:18 running: C:\Users\DUROV\Documents\New project 6\cygwin64-routerfmt\bin\bash.exe --norc --noprofile "/etc/postinstall/ca-certificates.sh"
2026/04/29 17:41:38 running: C:\Users\DUROV\Documents\New project 6\cygwin64-routerfmt\bin\bash.exe --norc --noprofile "/etc/postinstall/crypto-policies.sh"
2026/04/29 17:41:40 running: C:\Users\DUROV\Documents\New project 6\cygwin64-routerfmt\bin\bash.exe --norc --noprofile "/etc/postinstall/openssl.sh"
2026/04/29 17:41:40 can't run /etc/postinstall/openssl.sh: No such file
2026/04/29 17:41:40 running: C:\Users\DUROV\Documents\New project 6\cygwin64-routerfmt\bin\bash.exe --norc --noprofile "/etc/postinstall/man-db.sh"
2026/04/29 17:41:40 running: C:\Users\DUROV\Documents\New project 6\cygwin64-routerfmt\bin\bash.exe --norc --noprofile "/etc/postinstall/mintty.sh"
2026/04/29 17:41:41 running: C:\Users\DUROV\Documents\New project 6\cygwin64-routerfmt\bin\dash.exe "/etc/postinstall/zp_man-db-update-index.dash"
2026/04/29 17:41:41 Ending cygwin install
